{
  "stats": {
    "suites": 1,
    "tests": 1,
    "passes": 1,
    "pending": 0,
    "failures": 0,
    "start": "2026-08-18T16:18:43.374Z",
    "end": "2026-08-18T16:18:47.938Z",
    "duration": 4564,
    "testsRegistered": 1,
    "passPercent": 100,
    "pendingPercent": 0,
    "other": 0,
    "hasOther": false,
    "skipped": 0,
    "hasSkipped": false
  },
  "results": [
    {
      "uuid": "e8cc97b0-c5c1-4e1e-ac48-98ffce74ac19",
      "title": "",
      "fullFile": "C:\\Users\\ASUS\\Documents\\QA\\DigitalSkola\\tugas 8\\quiz\\shoping.js",
      "file": "\\quiz\\shoping.js",
      "beforeHooks": [],
      "afterHooks": [],
      "tests": [],
      "suites": [
        {
          "uuid": "6a94b07e-bb78-487c-8c15-3ed4acce5ffc",
          "title": "Belajar Bareng Shopping",
          "fullFile": "C:\\Users\\ASUS\\Documents\\QA\\DigitalSkola\\tugas 8\\quiz\\shoping.js",
          "file": "\\quiz\\shoping.js",
          "beforeHooks": [],
          "afterHooks": [],
          "tests": [
            {
              "title": "should login and shop successfully",
              "fullTitle": "Belajar Bareng Shopping should login and shop successfully",
              "timedOut": false,
              "duration": 4557,
              "state": "passed",
              "speed": "slow",
              "pass": true,
              "fail": false,
              "pending": false,
              "context": null,
              "code": "const driver = await new Builder().forBrowser(\"chrome\").build();\ntry {\n  await driver.get(\"https://belajar-bareng.onrender.com/\");\n  const usernameInput = await driver.wait(\n    until.elementLocated(By.css('[data-testid=\"username-input\"]')),\n    10000,\n  );\n  const passwordInput = await driver.wait(\n    until.elementLocated(By.css('[data-testid=\"password-input\"]')),\n    10000,\n  );\n  const loginButton = await driver.wait(\n    until.elementLocated(By.css('[data-testid=\"login-button\"]')),\n    10000,\n  );\n  await usernameInput.clear();\n  await usernameInput.sendKeys(\"admin\");\n  await passwordInput.clear();\n  await passwordInput.sendKeys(\"admin\");\n  await loginButton.click();\n  const shopButton = await driver.wait(\n    until.elementLocated(By.css('[data-testid=\"shop-button\"]')),\n    10000,\n  );\n  assert.strictEqual(await shopButton.isDisplayed(), true);\n  await shopButton.click();\n  const addToCartButton = await driver.wait(\n    until.elementLocated(By.css('[data-testid=\"add-to-cart-1\"]')),\n    10000,\n  );\n  assert.strictEqual(await addToCartButton.isDisplayed(), true);\n  await addToCartButton.click();\n  const cartButton = await driver.wait(\n    until.elementLocated(By.css('[data-testid=\"cart-button\"]')),\n    10000,\n  );\n  assert.strictEqual(await cartButton.isDisplayed(), true);\n  await cartButton.click();\n  const checkoutButton = await driver.wait(\n    until.elementLocated(By.css('[data-testid=\"checkout-button\"]')),\n    10000,\n  );\n  assert.strictEqual(await checkoutButton.isDisplayed(), true);\n  await checkoutButton.click();\n  const checkoutName = await driver.wait(\n    until.elementLocated(By.css('[data-testid=\"checkout-name\"]')),\n    10000,\n  );\n  const checkoutEmail = await driver.wait(\n    until.elementLocated(By.css('[data-testid=\"checkout-email\"]')),\n    10000,\n  );\n  const checkoutAddress = await driver.wait(\n    until.elementLocated(By.css('[data-testid=\"checkout-address\"]')),\n    10000,\n  );\n  const checkoutCaptcha = await driver.wait(\n    until.elementLocated(By.css('[data-testid=\"checkout-captcha\"]')),\n    10000,\n  );\n  const captchaQuestion = await driver.wait(\n    until.elementLocated(By.css('[data-testid=\"captcha-question\"]')),\n    10000,\n  );\n  const captchaText = await captchaQuestion.getText();\n  const captchaMatch = captchaText.match(/(\\d+)\\s*\\+\\s*(\\d+)/);\n  const captchaAnswer = captchaMatch\n    ? String(Number(captchaMatch[1]) + Number(captchaMatch[2]))\n    : \"18\";\n  const tncLink = await driver.wait(\n    until.elementLocated(By.css('[data-testid=\"tnc-link\"]')),\n    10000,\n  );\n  const tncCheckbox = await driver.wait(\n    until.elementLocated(By.css('[data-testid=\"tnc-checkbox\"]')),\n    10000,\n  );\n\n  const submitCheckout = await driver.wait(\n    until.elementLocated(By.css('[data-testid=\"submit-checkout\"]')),\n    10000,\n  );\nawait checkoutName.clear();\nawait checkoutName.sendKeys(\"ade\");\nawait checkoutEmail.clear();\nawait checkoutEmail.sendKeys(\"ade@example.com\");\nawait checkoutAddress.clear();\nawait checkoutAddress.sendKeys(\"Jl. Testing 1\");\nawait checkoutCaptcha.clear();\nawait checkoutCaptcha.sendKeys(captchaAnswer);\n\nawait tncLink.click();\n\nconst tncOkButton = await driver.wait(\n  until.elementLocated(By.css('[data-testid=\"tnc-ok-button\"]')),\n  10000,\n);\nawait driver.wait(until.elementIsVisible(tncOkButton), 10000);\n\nawait driver.executeScript(\"arguments[0].click();\", tncCheckbox);\nawait tncOkButton.click();\nawait submitCheckout.click();\n  assert.strictEqual(await submitCheckout.isDisplayed(), true);\n} finally {\n//   await driver.quit();\n}",
              "err": {},
              "uuid": "56d64d3e-5231-4c8f-a7fb-b25a00be4ebc",
              "parentUUID": "6a94b07e-bb78-487c-8c15-3ed4acce5ffc",
              "isHook": false,
              "skipped": false
            }
          ],
          "suites": [],
          "passes": [
            "56d64d3e-5231-4c8f-a7fb-b25a00be4ebc"
          ],
          "failures": [],
          "pending": [],
          "skipped": [],
          "duration": 4557,
          "root": false,
          "rootEmpty": false,
          "_timeout": 20000
        }
      ],
      "passes": [],
      "failures": [],
      "pending": [],
      "skipped": [],
      "duration": 0,
      "root": true,
      "rootEmpty": true,
      "_timeout": 10000
    }
  ],
  "meta": {
    "mocha": {
      "version": "11.8.0"
    },
    "mochawesome": {
      "options": {
        "quiet": true,
        "reportFilename": "mochawesome",
        "saveHtml": true,
        "saveJson": true,
        "consoleReporter": "spec",
        "useInlineDiffs": false,
        "code": true
      },
      "version": "8.0.1"
    },
    "marge": {
      "options": {
        "reportDir": "mochawesome-report",
        "reportFilename": "mochawesome",
        "html": "true",
        "json": "true",
        "overwrite": "true",
        "quiet": "true"
      },
      "version": "6.3.2"
    }
  }
}