{
  "stats": {
    "suites": 1,
    "tests": 2,
    "passes": 2,
    "pending": 0,
    "failures": 0,
    "start": "2026-08-26T13:19:57.730Z",
    "end": "2026-08-26T13:20:04.353Z",
    "duration": 6623,
    "testsRegistered": 2,
    "passPercent": 100,
    "pendingPercent": 0,
    "other": 0,
    "hasOther": false,
    "skipped": 0,
    "hasSkipped": false
  },
  "results": [
    {
      "uuid": "16bfa17d-3387-4f18-838a-59de1cb0040b",
      "title": "",
      "fullFile": "C:\\Users\\ASUS\\Documents\\QA\\DigitalSkola\\tugas 9\\test\\addUser.js",
      "file": "\\test\\addUser.js",
      "beforeHooks": [],
      "afterHooks": [],
      "tests": [],
      "suites": [
        {
          "uuid": "5001c214-5014-42c7-b85d-83fa1908e8ae",
          "title": "Belajar Bareng Login",
          "fullFile": "C:\\Users\\ASUS\\Documents\\QA\\DigitalSkola\\tugas 9\\test\\addUser.js",
          "file": "\\test\\addUser.js",
          "beforeHooks": [
            {
              "title": "\"before all\" hook in \"Belajar Bareng Login\"",
              "fullTitle": "Belajar Bareng Login \"before all\" hook in \"Belajar Bareng Login\"",
              "timedOut": false,
              "duration": 1076,
              "state": null,
              "speed": null,
              "pass": false,
              "fail": false,
              "pending": false,
              "context": null,
              "code": "const options = new chrome.Options().addArguments(\n  \"--headless=new\",\n  \"--no-sandbox\",\n  \"--disable-dev-shm-usage\",\n    \"--disable-background-networking\",   \n\"--disable-component-update\",        \n\"--disable-sync\",                   \n\"--no-first-run\",                    \n\"--disable-default-apps\",            \n\"--disable-extensions\",              \n\"--disable-notifications\",           \n\"--log-level=3\",                     \n\"--silent\"                          \n);\ndriver = await new Builder()\n  .forBrowser(\"chrome\")\n  .setChromeOptions(options)\n  .build();",
              "err": {},
              "uuid": "f1f4c4eb-1bc4-41f5-8284-e86369d9dc56",
              "parentUUID": "5001c214-5014-42c7-b85d-83fa1908e8ae",
              "isHook": true,
              "skipped": false
            },
            {
              "title": "\"before each\" hook in \"Belajar Bareng Login\"",
              "fullTitle": "Belajar Bareng Login \"before each\" hook in \"Belajar Bareng Login\"",
              "timedOut": false,
              "duration": 1919,
              "state": null,
              "speed": null,
              "pass": false,
              "fail": false,
              "pending": false,
              "context": null,
              "code": "await driver.get(\"https://belajar-bareng.onrender.com/\");\nconst usernameInput = await driver.wait(\n  until.elementLocated(By.css('[data-testid=\"username-input\"]')),\n  10000,\n);\nconst passwordInput = await driver.wait(\n  until.elementLocated(By.css('[data-testid=\"password-input\"]')),\n  10000,\n);\nconst loginButton = await driver.wait(\n  until.elementLocated(By.css('[data-testid=\"login-button\"]')),\n  10000,\n);\nawait usernameInput.clear();\nawait passwordInput.clear();\nawait usernameInput.sendKeys(\"admin\");\nawait passwordInput.sendKeys(\"admin\");\nawait loginButton.click();",
              "err": {},
              "uuid": "d7736a22-6e05-4d7e-a18d-cbcc68ade28b",
              "parentUUID": "5001c214-5014-42c7-b85d-83fa1908e8ae",
              "isHook": true,
              "skipped": false
            }
          ],
          "afterHooks": [
            {
              "title": "\"after all\" hook in \"Belajar Bareng Login\"",
              "fullTitle": "Belajar Bareng Login \"after all\" hook in \"Belajar Bareng Login\"",
              "timedOut": false,
              "duration": 74,
              "state": null,
              "speed": null,
              "pass": false,
              "fail": false,
              "pending": false,
              "context": null,
              "code": "if (driver) {\n  await driver.quit();\n}",
              "err": {},
              "uuid": "9a0cbfbf-0ade-4604-a3ae-a30d287354b3",
              "parentUUID": "5001c214-5014-42c7-b85d-83fa1908e8ae",
              "isHook": true,
              "skipped": false
            },
            {
              "title": "\"after each\" hook in \"Belajar Bareng Login\"",
              "fullTitle": "Belajar Bareng Login \"after each\" hook in \"Belajar Bareng Login\"",
              "timedOut": false,
              "duration": 11,
              "state": null,
              "speed": null,
              "pass": false,
              "fail": false,
              "pending": false,
              "context": null,
              "code": "await driver.manage().deleteAllCookies();\nawait driver.executeScript(\n  \"window.localStorage.clear(); window.sessionStorage.clear();\",\n);",
              "err": {},
              "uuid": "263281b4-1c79-4d57-b65f-b8367f63cf6e",
              "parentUUID": "5001c214-5014-42c7-b85d-83fa1908e8ae",
              "isHook": true,
              "skipped": false
            }
          ],
          "tests": [
            {
              "title": "should login and add a new user",
              "fullTitle": "Belajar Bareng Login should login and add a new user",
              "timedOut": false,
              "duration": 1074,
              "state": "passed",
              "speed": "slow",
              "pass": true,
              "fail": false,
              "pending": false,
              "context": null,
              "code": "const uniqueUsername = `user${Date.now().toString().slice(-6)}`;\nconst uniqueAge = `${20 + (Date.now() % 50)}`;\nconst addButton = await driver.wait(\n  until.elementLocated(By.css('[data-testid=\"add-button\"]')),\n  10000,\n);\nassert.strictEqual(await addButton.isDisplayed(), true);\nawait addButton.click();\nconst addUsernameInput = await driver.wait(\n  until.elementLocated(By.css('[data-testid=\"username-input\"]')),\n  10000,\n);\nconst ageInput = await driver.wait(\n  until.elementLocated(By.css('[data-testid=\"age-input\"]')),\n  10000,\n);\nconst submitButton = await driver.wait(\n  until.elementLocated(By.css('[data-testid=\"submit-button\"]')),\n  10000,\n);\nassert.strictEqual(await submitButton.isDisplayed(), true);\nawait addUsernameInput.clear();\nawait addUsernameInput.sendKeys(uniqueUsername);\nawait ageInput.clear();\nawait ageInput.sendKeys(uniqueAge);\nawait submitButton.click();\nawait driver.wait(async () => {\n  const currentUsername = await addUsernameInput.getAttribute(\"value\");\n  const currentAge = await ageInput.getAttribute(\"value\");\n  return currentUsername === \"\" && currentAge === \"\";\n}, 10000);\nassert.strictEqual(await addUsernameInput.getAttribute(\"value\"), \"\");\nassert.strictEqual(await ageInput.getAttribute(\"value\"), \"\");",
              "err": {},
              "uuid": "99e90cb6-3a3f-4780-b0be-0b200d8ea206",
              "parentUUID": "5001c214-5014-42c7-b85d-83fa1908e8ae",
              "isHook": false,
              "skipped": false
            },
            {
              "title": "should login successfully",
              "fullTitle": "Belajar Bareng Login should login successfully",
              "timedOut": false,
              "duration": 241,
              "state": "passed",
              "speed": "slow",
              "pass": true,
              "fail": false,
              "pending": false,
              "context": null,
              "code": "const addButton = await driver.wait(\n  until.elementLocated(By.css('[data-testid=\"add-button\"]')),\n  10000,\n);\nassert.strictEqual(await addButton.isDisplayed(), true);",
              "err": {},
              "uuid": "2ed60031-13df-4fa2-b3b6-d062cbc39f26",
              "parentUUID": "5001c214-5014-42c7-b85d-83fa1908e8ae",
              "isHook": false,
              "skipped": false
            }
          ],
          "suites": [],
          "passes": [
            "99e90cb6-3a3f-4780-b0be-0b200d8ea206",
            "2ed60031-13df-4fa2-b3b6-d062cbc39f26"
          ],
          "failures": [],
          "pending": [],
          "skipped": [],
          "duration": 1315,
          "root": false,
          "rootEmpty": false,
          "_timeout": 20000
        }
      ],
      "passes": [],
      "failures": [],
      "pending": [],
      "skipped": [],
      "duration": 0,
      "root": true,
      "rootEmpty": true,
      "_timeout": 10000
    }
  ],
  "meta": {
    "mocha": {
      "version": "11.8.0"
    },
    "mochawesome": {
      "options": {
        "quiet": true,
        "reportFilename": "mochawesome",
        "saveHtml": true,
        "saveJson": true,
        "consoleReporter": "spec",
        "useInlineDiffs": false,
        "code": true
      },
      "version": "8.0.1"
    },
    "marge": {
      "options": {
        "reportDir": "mochawesome-report",
        "reportFilename": "mochawesome",
        "html": "true",
        "json": "true",
        "overwrite": "true",
        "quiet": "true"
      },
      "version": "6.3.2"
    }
  }
}